L 06/28/2026 - 13:23:19: Log file started (file "logs/L0628001.log") (game "/home/workstation/src/openvibe-source/game/openvibe.games") (version "0")
L 06/28/2026 - 13:23:19: Loading map "ov_hub"
L 06/28/2026 - 13:23:19: server cvars start
L 06/28/2026 - 13:23:19: "mp_teamplay" = "1"
L 06/28/2026 - 13:23:19: "mp_falldamage" = "0"
L 06/28/2026 - 13:23:19: "mp_weaponstay" = "0"
L 06/28/2026 - 13:23:19: "mp_forcerespawn" = "1"
L 06/28/2026 - 13:23:19: "mp_footsteps" = "1"
L 06/28/2026 - 13:23:19: "mp_flashlight" = "0"
L 06/28/2026 - 13:23:19: "mp_autocrosshair" = "1"
L 06/28/2026 - 13:23:19: "decalfrequency" = "10"
L 06/28/2026 - 13:23:19: "mp_teamlist" = "hgrunt;scientist"
L 06/28/2026 - 13:23:19: "mp_allowNPCs" = "1"
L 06/28/2026 - 13:23:19: "mp_friendlyfire" = "0"
L 06/28/2026 - 13:23:19: "mp_fadetoblack" = "0"
L 06/28/2026 - 13:23:19: "sv_gravity" = "600"
L 06/28/2026 - 13:23:19: "sv_stopspeed" = "100"
L 06/28/2026 - 13:23:19: "sv_noclipaccelerate" = "5"
L 06/28/2026 - 13:23:19: "sv_noclipspeed" = "5"
L 06/28/2026 - 13:23:19: "sv_specaccelerate" = "5"
L 06/28/2026 - 13:23:19: "sv_specspeed" = "3"
L 06/28/2026 - 13:23:19: "sv_specnoclip" = "1"
L 06/28/2026 - 13:23:19: "sv_maxspeed" = "320"
L 06/28/2026 - 13:23:19: "sv_accelerate" = "10"
L 06/28/2026 - 13:23:19: "sv_airaccelerate" = "10"
L 06/28/2026 - 13:23:19: "sv_wateraccelerate" = "10"
L 06/28/2026 - 13:23:19: "sv_waterfriction" = "1"
L 06/28/2026 - 13:23:19: "sv_footsteps" = "1"
L 06/28/2026 - 13:23:19: "sv_rollspeed" = "200"
L 06/28/2026 - 13:23:19: "sv_rollangle" = "0"
L 06/28/2026 - 13:23:19: "sv_friction" = "4"
L 06/28/2026 - 13:23:19: "sv_bounce" = "0"
L 06/28/2026 - 13:23:19: "sv_stepsize" = "18"
L 06/28/2026 - 13:23:19: "r_VehicleViewDampen" = "1"
L 06/28/2026 - 13:23:19: "r_JeepViewDampenFreq" = "7.0"
L 06/28/2026 - 13:23:19: "r_JeepViewDampenDamp" = "1.0"
L 06/28/2026 - 13:23:19: "r_JeepViewZHeight" = "10.0"
L 06/28/2026 - 13:23:19: "r_AirboatViewDampenFreq" = "7.0"
L 06/28/2026 - 13:23:19: "r_AirboatViewDampenDamp" = "1.0"
L 06/28/2026 - 13:23:19: "r_AirboatViewZHeight" = "0.0"
L 06/28/2026 - 13:23:19: "mp_timelimit" = "0"
L 06/28/2026 - 13:23:19: "mp_fraglimit" = "0"
L 06/28/2026 - 13:23:19: "nextlevel" = ""
L 06/28/2026 - 13:23:19: "sv_maxusrcmdprocessticks" = "24"
L 06/28/2026 - 13:23:19: "sv_alltalk" = "0"
L 06/28/2026 - 13:23:19: "sv_vote_quorum_ratio" = "0.6"
L 06/28/2026 - 13:23:19: "mp_respawnwavetime" = "10.0"
L 06/28/2026 - 13:23:19: "mp_tournament" = "0"
L 06/28/2026 - 13:23:19: "tf_arena_preround_time" = "10"
L 06/28/2026 - 13:23:19: "tf_arena_round_time" = "0"
L 06/28/2026 - 13:23:19: "tf_arena_max_streak" = "3"
L 06/28/2026 - 13:23:19: "tf_arena_use_queue" = "1"
L 06/28/2026 - 13:23:19: "mp_maxrounds" = "0"
L 06/28/2026 - 13:23:19: "mp_winlimit" = "0"
L 06/28/2026 - 13:23:19: "mp_disable_respawn_times" = "0"
L 06/28/2026 - 13:23:19: "mp_stalemate_meleeonly" = "0"
L 06/28/2026 - 13:23:19: "mp_forceautoteam" = "0"
L 06/28/2026 - 13:23:19: "mp_autoteambalance" = "1"
L 06/28/2026 - 13:23:19: "mp_stalemate_enable" = "0"
L 06/28/2026 - 13:23:19: "mp_match_end_at_timelimit" = "0"
L 06/28/2026 - 13:23:19: "mp_holiday_nogifts" = "0"
L 06/28/2026 - 13:23:19: "mp_scrambleteams_auto" = "1"
L 06/28/2026 - 13:23:19: "mp_scrambleteams_auto_windifference" = "2"
L 06/28/2026 - 13:23:19: "sv_hl2mp_weapon_respawn_time" = "20"
L 06/28/2026 - 13:23:19: "sv_hl2mp_item_respawn_time" = "30"
L 06/28/2026 - 13:23:19: "sv_report_client_settings" = "0"
L 06/28/2026 - 13:23:19: "sv_steamgroup" = ""
L 06/28/2026 - 13:23:19: "sv_cheats" = "0"
L 06/28/2026 - 13:23:19: "sv_pausable" = "0"
L 06/28/2026 - 13:23:19: "sv_contact" = ""
L 06/28/2026 - 13:23:19: "sv_voiceenable" = "1"
L 06/28/2026 - 13:23:19: "tv_enable" = "0"
L 06/28/2026 - 13:23:19: "sv_password" = ""
L 06/28/2026 - 13:23:19: "sv_tags" = ""
L 06/28/2026 - 13:23:19: "tv_relaypassword" = ""
L 06/28/2026 - 13:23:19: "tv_password" = ""
L 06/28/2026 - 13:23:19: "deathmatch" = "1"
L 06/28/2026 - 13:23:19: "coop" = "0"
L 06/28/2026 - 13:23:19: server cvars end
L 06/28/2026 - 13:23:19: Started map "ov_hub" (CRC "b3ee40e40